<?xml version="1.0" encoding="UTF-8"?>
<!-- Generated by org.testng.reporters.JUnitReportReporter -->
<testsuite hostname="DESKTOP-B7R9K2R" name="assignment.wallethub.WallethubReviewTest" tests="1" failures="0" timestamp="3 Dec 2021 12:11:26 GMT" time="34.251" errors="0">
  <testcase name="basePagenavigation" time="34.251" classname="assignment.wallethub.WallethubReviewTest"/>
</testsuite> <!-- assignment.wallethub.WallethubReviewTest -->
