<?xml version="1.0" encoding="UTF-8"?>
<!-- Generated by org.testng.reporters.JUnitReportReporter -->
<testsuite hostname="DESKTOP-B7R9K2R" name="assignment.wallethub.FacebookloginTest" tests="1" failures="0" timestamp="3 Dec 2021 12:11:26 GMT" time="21.211" errors="0">
  <testcase name="basePagenavigation" time="21.211" classname="assignment.wallethub.FacebookloginTest"/>
</testsuite> <!-- assignment.wallethub.FacebookloginTest -->
