<?xml version="1.0" encoding="UTF-8"?>
<!-- Generated by org.testng.reporters.JUnitReportReporter -->
<testsuite skipped="0" hostname="DESKTOP-B7R9K2R" name="assignment.wallethub.WallethubReviewTest" tests="1" failures="0" timestamp="2021-12-03T17:34:12 IST" time="48.386" errors="0">
  <testcase name="basePagenavigation" time="48.386" classname="assignment.wallethub.WallethubReviewTest"/>
  <system-out/>
</testsuite> <!-- assignment.wallethub.WallethubReviewTest -->
