<?xml version="1.0" encoding="UTF-8"?>
<!-- Generated by org.testng.reporters.JUnitReportReporter -->
<testsuite skipped="0" hostname="DESKTOP-B7R9K2R" name="assignment.wallethub.FacebookloginTest" tests="1" failures="0" timestamp="2021-12-03T14:53:42 IST" time="20.170" errors="0">
  <testcase name="basePagenavigation" time="20.170" classname="assignment.wallethub.FacebookloginTest"/>
  <system-out/>
</testsuite> <!-- assignment.wallethub.FacebookloginTest -->
